<?xml version="1.0" encoding="UTF-8"?>
<!-- Generated by org.testng.reporters.JUnitReportReporter -->
<testsuite hostname="LAPTOP-JJV1SUU2" failures="0" tests="4" name="ProjectAutoMichaelPakin.ProjectRun" time="112.391" errors="0" timestamp="2023-10-01T17:28:23 IDT" skipped="0">
  <testcase classname="ProjectAutoMichaelPakin.ProjectRun" name="Test28" time="31.749"/>
  <testcase classname="ProjectAutoMichaelPakin.ProjectRun" name="Test29" time="5.084"/>
  <testcase classname="ProjectAutoMichaelPakin.ProjectRun" name="Test30" time="70.916"/>
  <testcase classname="ProjectAutoMichaelPakin.ProjectRun" name="Test27" time="4.642"/>
</testsuite> <!-- ProjectAutoMichaelPakin.ProjectRun -->
